

Version:	3.13
CmdLine:	C:\Users\ion8\IdeaProjects\Serial1\out\artifacts\Serial1_jar\d.exe --l4j-debug
WOW64:		yes
Working dir:	C:\Users\ion8\IdeaProjects\Serial1\out\artifacts\Serial1_jar\.
Java min ver:	1.006.000
Java max ver:	
Bundled JRE(s):	C:\Users\ion8\.jdks\openjdk-15.0.1
Check launcher:	C:\Users\ion8\.jdks\openjdk-15.0.1\bin\javaw.exe (OK)
Launcher:	C:\Users\ion8\.jdks\openjdk-15.0.1\bin\javaw.exe
Launcher args:	-jar "C:\Users\ion8\IdeaProjects\Serial1\out\artifacts\Serial1_jar\d.exe"
Args length:	73/32768 chars
Exit code:	0


Version:	3.13
CmdLine:	C:\Users\ion8\IdeaProjects\Serial1\out\artifacts\Serial1_jar\d.exe --l4j-debug
WOW64:		yes
Working dir:	C:\Users\ion8\IdeaProjects\Serial1\out\artifacts\Serial1_jar\.
Java min ver:	1.006.000
Java max ver:	
Bundled JRE(s):	C:\Users\ion8\.jdks\openjdk-15.0.1
Check launcher:	C:\Users\ion8\.jdks\openjdk-15.0.1\bin\javaw.exe (OK)
Launcher:	C:\Users\ion8\.jdks\openjdk-15.0.1\bin\javaw.exe
Launcher args:	-jar "C:\Users\ion8\IdeaProjects\Serial1\out\artifacts\Serial1_jar\d.exe"
Args length:	73/32768 chars
Exit code:	0
